<?xml version="1.0" encoding="UTF-8"?>
<testng-results ignored="0" total="1" passed="1" failed="0" skipped="0">
  <reporter-output>
  </reporter-output>
  <suite started-at="2025-02-01T23:38:01 IST" name="Suite" finished-at="2025-02-01T23:38:13 IST" duration-ms="12204">
    <groups>
    </groups>
    <test started-at="2025-02-01T23:38:01 IST" name="Test" finished-at="2025-02-01T23:38:13 IST" duration-ms="12204">
      <class name="com.automation_projection_git_practice.testcases.LoginPageTC">
        <test-method is-config="true" signature="setUp()[pri:0, instance:com.automation_projection_git_practice.testcases.LoginPageTC@d5b810e]" started-at="2025-02-01T23:38:01 IST" name="setUp" finished-at="2025-02-01T23:38:09 IST" duration-ms="7286" status="PASS">
          <reporter-output>
          </reporter-output>
        </test-method> <!-- setUp -->
        <test-method signature="verifyLoginFunctionality()[pri:0, instance:com.automation_projection_git_practice.testcases.LoginPageTC@d5b810e]" started-at="2025-02-01T23:38:09 IST" name="verifyLoginFunctionality" finished-at="2025-02-01T23:38:13 IST" duration-ms="4014" status="PASS">
          <reporter-output>
          </reporter-output>
        </test-method> <!-- verifyLoginFunctionality -->
      </class> <!-- com.automation_projection_git_practice.testcases.LoginPageTC -->
    </test> <!-- Test -->
  </suite> <!-- Suite -->
</testng-results>
