<?xml version="1.0" encoding="UTF-8"?>
<testng-results ignored="0" total="1" passed="1" failed="0" skipped="0">
  <reporter-output>
  </reporter-output>
  <suite started-at="2025-01-25T13:53:29 IST" name="Default suite" finished-at="2025-01-25T13:53:53 IST" duration-ms="24206">
    <groups>
    </groups>
    <test started-at="2025-01-25T13:53:29 IST" name="Default test" finished-at="2025-01-25T13:53:53 IST" duration-ms="24206">
      <class name="com.automation_projection_git_practice.testcases.LoginPageTC">
        <test-method is-config="true" signature="setUp()[pri:0, instance:com.automation_projection_git_practice.testcases.LoginPageTC@58d75e99]" started-at="2025-01-25T13:53:29 IST" name="setUp" finished-at="2025-01-25T13:53:51 IST" duration-ms="22023" status="PASS">
          <reporter-output>
          </reporter-output>
        </test-method> <!-- setUp -->
        <test-method signature="verifyLoginFunctionality()[pri:0, instance:com.automation_projection_git_practice.testcases.LoginPageTC@58d75e99]" started-at="2025-01-25T13:53:51 IST" name="verifyLoginFunctionality" finished-at="2025-01-25T13:53:53 IST" duration-ms="2105" status="PASS">
          <reporter-output>
          </reporter-output>
        </test-method> <!-- verifyLoginFunctionality -->
      </class> <!-- com.automation_projection_git_practice.testcases.LoginPageTC -->
    </test> <!-- Default test -->
  </suite> <!-- Default suite -->
</testng-results>
